<?xml version="1.0" encoding="UTF-8"?>
<!-- Generated by org.testng.reporters.JUnitXMLReporter -->
<testsuite hostname="DESKTOP-B38SFJ6" ignored="3" name="TestCases" tests="4" failures="0" timestamp="2022-02-08T01:34:19 GST" time="77.418" errors="0">
  <testcase name="validateCountOfDisplayedItemsEqualResult" time="4.117" classname="testCases.Scenario1"/>
  <testcase name="validateChoosingCorrectSelectedDepartment" time="5.727" classname="testCases.Scenario2"/>
  <testcase name="validateChangingCurrency" time="15.936" classname="testCases.Scenario3"/>
  <testcase name="verifyProductDetails" time="14.849" classname="testCases.Scenario4"/>
  <testcase name="@BeforeTest beforeSuite" time="0.0" classname="base.TestBase">
    <ignored/>
  </testcase> <!-- @BeforeTest beforeSuite -->
  <testcase name="@BeforeTest beforeSuite" time="0.0" classname="base.TestBase">
    <ignored/>
  </testcase> <!-- @BeforeTest beforeSuite -->
  <testcase name="@BeforeTest beforeSuite" time="0.0" classname="base.TestBase">
    <ignored/>
  </testcase> <!-- @BeforeTest beforeSuite -->
</testsuite> <!-- TestCases -->
