<?xml version="1.0" encoding="UTF-8"?>
<testng-results skipped="0" failed="0" ignored="3" total="7" passed="4">
  <reporter-output>
  </reporter-output>
  <suite name="Regression Suite" duration-ms="77418" started-at="2022-02-08T01:33:02 GST" finished-at="2022-02-08T01:34:19 GST">
    <groups>
    </groups>
    <test name="TestCases" duration-ms="77418" started-at="2022-02-08T01:33:02 GST" finished-at="2022-02-08T01:34:19 GST">
      <class name="testCases.Scenario4">
        <test-method status="PASS" signature="beforeMethod(java.lang.reflect.Method)[pri:0, instance:testCases.Scenario4@7fc2413d]" name="beforeMethod" is-config="true" duration-ms="5783" started-at="2022-02-08T01:33:55 GST" finished-at="2022-02-08T01:34:01 GST">
          <params>
            <param index="0">
              <value>
                <![CDATA[public void testCases.Scenario4.verifyProductDetails(java.lang.String,java.lang.String)]]>
              </value>
            </param>
          </params>
          <reporter-output>
          </reporter-output>
        </test-method> <!-- beforeMethod -->
        <test-method status="PASS" signature="verifyProductDetails(java.lang.String, java.lang.String)[pri:0, instance:testCases.Scenario4@7fc2413d]" name="verifyProductDetails" duration-ms="14849" started-at="2022-02-08T01:34:01 GST" data-provider="ExcelData" finished-at="2022-02-08T01:34:16 GST">
          <params>
            <param index="0">
              <value>
                <![CDATA[Electronics]]>
              </value>
            </param>
            <param index="1">
              <value>
                <![CDATA[Apple]]>
              </value>
            </param>
          </params>
          <reporter-output>
          </reporter-output>
        </test-method> <!-- verifyProductDetails -->
        <test-method status="PASS" signature="afterMethod(org.testng.ITestResult)[pri:0, instance:testCases.Scenario4@7fc2413d]" name="afterMethod" is-config="true" duration-ms="3315" started-at="2022-02-08T01:34:16 GST" finished-at="2022-02-08T01:34:19 GST">
          <params>
            <param index="0">
              <value>
                <![CDATA[[TestResult name=verifyProductDetails status=SUCCESS method=Scenario4.verifyProductDetails(java.lang.String, java.lang.String)[pri:0, instance:testCases.Scenario4@7fc2413d] output={null}]]]>
              </value>
            </param>
          </params>
          <reporter-output>
          </reporter-output>
        </test-method> <!-- afterMethod -->
      </class> <!-- testCases.Scenario4 -->
      <class name="testCases.Scenario3">
        <test-method status="PASS" signature="beforeMethod(java.lang.reflect.Method)[pri:0, instance:testCases.Scenario3@7995092a]" name="beforeMethod" is-config="true" duration-ms="5705" started-at="2022-02-08T01:33:30 GST" finished-at="2022-02-08T01:33:36 GST">
          <params>
            <param index="0">
              <value>
                <![CDATA[public void testCases.Scenario3.validateChangingCurrency(java.lang.String,java.lang.String,java.lang.String)]]>
              </value>
            </param>
          </params>
          <reporter-output>
          </reporter-output>
        </test-method> <!-- beforeMethod -->
        <test-method status="PASS" signature="validateChangingCurrency(java.lang.String, java.lang.String, java.lang.String)[pri:0, instance:testCases.Scenario3@7995092a]" name="validateChangingCurrency" duration-ms="15936" started-at="2022-02-08T01:33:36 GST" data-provider="ExcelData" finished-at="2022-02-08T01:33:52 GST">
          <params>
            <param index="0">
              <value>
                <![CDATA[AED]]>
              </value>
            </param>
            <param index="1">
              <value>
                <![CDATA[Electronics]]>
              </value>
            </param>
            <param index="2">
              <value>
                <![CDATA[Apple]]>
              </value>
            </param>
          </params>
          <reporter-output>
          </reporter-output>
        </test-method> <!-- validateChangingCurrency -->
        <test-method status="PASS" signature="afterMethod(org.testng.ITestResult)[pri:0, instance:testCases.Scenario3@7995092a]" name="afterMethod" is-config="true" duration-ms="3212" started-at="2022-02-08T01:33:52 GST" finished-at="2022-02-08T01:33:55 GST">
          <params>
            <param index="0">
              <value>
                <![CDATA[[TestResult name=validateChangingCurrency status=SUCCESS method=Scenario3.validateChangingCurrency(java.lang.String, java.lang.String, java.lang.String)[pri:0, instance:testCases.Scenario3@7995092a] output={null}]]]>
              </value>
            </param>
          </params>
          <reporter-output>
          </reporter-output>
        </test-method> <!-- afterMethod -->
      </class> <!-- testCases.Scenario3 -->
      <class name="testCases.Scenario2">
        <test-method status="PASS" signature="beforeMethod(java.lang.reflect.Method)[pri:0, instance:testCases.Scenario2@6293abcc]" name="beforeMethod" is-config="true" duration-ms="5389" started-at="2022-02-08T01:33:16 GST" finished-at="2022-02-08T01:33:22 GST">
          <params>
            <param index="0">
              <value>
                <![CDATA[public void testCases.Scenario2.validateChoosingCorrectSelectedDepartment(java.lang.String)]]>
              </value>
            </param>
          </params>
          <reporter-output>
          </reporter-output>
        </test-method> <!-- beforeMethod -->
        <test-method status="PASS" signature="validateChoosingCorrectSelectedDepartment(java.lang.String)[pri:0, instance:testCases.Scenario2@6293abcc]" name="validateChoosingCorrectSelectedDepartment" duration-ms="5727" started-at="2022-02-08T01:33:22 GST" data-provider="ExcelData" finished-at="2022-02-08T01:33:27 GST">
          <params>
            <param index="0">
              <value>
                <![CDATA[Software]]>
              </value>
            </param>
          </params>
          <reporter-output>
          </reporter-output>
        </test-method> <!-- validateChoosingCorrectSelectedDepartment -->
        <test-method status="PASS" signature="afterMethod(org.testng.ITestResult)[pri:0, instance:testCases.Scenario2@6293abcc]" name="afterMethod" is-config="true" duration-ms="3173" started-at="2022-02-08T01:33:27 GST" finished-at="2022-02-08T01:33:30 GST">
          <params>
            <param index="0">
              <value>
                <![CDATA[[TestResult name=validateChoosingCorrectSelectedDepartment status=SUCCESS method=Scenario2.validateChoosingCorrectSelectedDepartment(java.lang.String)[pri:0, instance:testCases.Scenario2@6293abcc] output={null}]]]>
              </value>
            </param>
          </params>
          <reporter-output>
          </reporter-output>
        </test-method> <!-- afterMethod -->
      </class> <!-- testCases.Scenario2 -->
      <class name="testCases.Scenario1">
        <test-method status="PASS" signature="beforeSuite()[pri:0, instance:testCases.Scenario1@5a955565]" name="beforeSuite" is-config="true" duration-ms="11" started-at="2022-02-08T01:33:02 GST" finished-at="2022-02-08T01:33:02 GST">
          <reporter-output>
          </reporter-output>
        </test-method> <!-- beforeSuite -->
        <test-method status="PASS" signature="beforeMethod(java.lang.reflect.Method)[pri:0, instance:testCases.Scenario1@5a955565]" name="beforeMethod" is-config="true" duration-ms="6570" started-at="2022-02-08T01:33:02 GST" finished-at="2022-02-08T01:33:09 GST">
          <params>
            <param index="0">
              <value>
                <![CDATA[public void testCases.Scenario1.validateCountOfDisplayedItemsEqualResult(java.lang.String,java.lang.String) throws java.lang.InterruptedException]]>
              </value>
            </param>
          </params>
          <reporter-output>
          </reporter-output>
        </test-method> <!-- beforeMethod -->
        <test-method status="PASS" signature="validateCountOfDisplayedItemsEqualResult(java.lang.String, java.lang.String)[pri:0, instance:testCases.Scenario1@5a955565]" name="validateCountOfDisplayedItemsEqualResult" duration-ms="4117" started-at="2022-02-08T01:33:09 GST" data-provider="ExcelData" finished-at="2022-02-08T01:33:13 GST">
          <params>
            <param index="0">
              <value>
                <![CDATA[Smart Home]]>
              </value>
            </param>
            <param index="1">
              <value>
                <![CDATA[Home Entertainment]]>
              </value>
            </param>
          </params>
          <reporter-output>
          </reporter-output>
        </test-method> <!-- validateCountOfDisplayedItemsEqualResult -->
        <test-method status="PASS" signature="afterMethod(org.testng.ITestResult)[pri:0, instance:testCases.Scenario1@5a955565]" name="afterMethod" is-config="true" duration-ms="2949" started-at="2022-02-08T01:33:13 GST" finished-at="2022-02-08T01:33:16 GST">
          <params>
            <param index="0">
              <value>
                <![CDATA[[TestResult name=validateCountOfDisplayedItemsEqualResult status=SUCCESS method=Scenario1.validateCountOfDisplayedItemsEqualResult(java.lang.String, java.lang.String)[pri:0, instance:testCases.Scenario1@5a955565] output={null}]]]>
              </value>
            </param>
          </params>
          <reporter-output>
          </reporter-output>
        </test-method> <!-- afterMethod -->
      </class> <!-- testCases.Scenario1 -->
    </test> <!-- TestCases -->
  </suite> <!-- Regression Suite -->
</testng-results>
